8/11/2016 9:21:33 AM, Info: Initializing SIMPLSharp Services...
8/11/2016 9:21:33 AM, Info: ProjectInfo successfully initialized.
8/11/2016 9:22:28 AM, Info: Saving project information...
8/11/2016 9:22:28 AM, Info: Saving project information...
8/11/2016 9:22:28 AM, Info: Saving project information...
8/11/2016 9:22:28 AM, Info: Saving project information...
8/11/2016 9:22:28 AM, Info: Validating assembly C:\Users\RichardL\Documents\Visual Studio 2008\Projects\ProgramBytesPushbullet\ProgramBytesPushbullet\bin\ProgramBytesPushbullet.dll...
8/11/2016 9:22:28 AM, Info: Verifying assembly C:\Users\RichardL\Documents\Visual Studio 2008\Projects\ProgramBytesPushbullet\ProgramBytesPushbullet\bin\ProgramBytesPushbullet.dll
8/11/2016 9:22:28 AM, Info: Creating Archive C:\Users\RichardL\Documents\Visual Studio 2008\Projects\ProgramBytesPushbullet\ProgramBytesPushbullet\bin\ProgramBytesPushbullet.clz...
8/11/2016 9:22:29 AM, Info: Saving project information...
8/11/2016 11:36:18 AM, Info: Saving project information...
8/11/2016 11:36:18 AM, Info: Saving project information...
8/11/2016 11:41:18 AM, Info: Saving project information...
8/11/2016 11:41:18 AM, Info: Saving project information...
8/11/2016 11:46:18 AM, Info: Saving project information...
8/11/2016 11:46:18 AM, Info: Saving project information...
8/11/2016 11:51:18 AM, Info: Saving project information...
8/11/2016 11:51:18 AM, Info: Saving project information...
8/11/2016 11:56:18 AM, Info: Saving project information...
8/11/2016 11:56:18 AM, Info: Saving project information...
8/11/2016 11:59:33 AM, Info: Saving project information...
8/11/2016 11:59:33 AM, Info: Saving project information...
8/11/2016 11:59:33 AM, Info: Saving project information...
8/11/2016 11:59:33 AM, Info: Saving project information...
8/11/2016 11:59:34 AM, Info: Validating assembly C:\Users\RichardL\Documents\Visual Studio 2008\Projects\ProgramBytesPushbullet\ProgramBytesPushbullet\bin\ProgramBytesPushbullet.dll...
8/11/2016 11:59:34 AM, Info: Verifying assembly C:\Users\RichardL\Documents\Visual Studio 2008\Projects\ProgramBytesPushbullet\ProgramBytesPushbullet\bin\ProgramBytesPushbullet.dll
8/11/2016 11:59:34 AM, Info: Creating Archive C:\Users\RichardL\Documents\Visual Studio 2008\Projects\ProgramBytesPushbullet\ProgramBytesPushbullet\bin\ProgramBytesPushbullet.clz...
8/11/2016 11:59:34 AM, Info: Saving project information...
8/11/2016 12:08:33 PM, Info: Validating assembly C:\Users\RichardL\Documents\Visual Studio 2008\Projects\ProgramBytesPushbullet\ProgramBytesPushbullet\bin\ProgramBytesPushbullet.dll...
8/11/2016 12:08:33 PM, Info: Verifying assembly C:\Users\RichardL\Documents\Visual Studio 2008\Projects\ProgramBytesPushbullet\ProgramBytesPushbullet\bin\ProgramBytesPushbullet.dll
8/11/2016 12:08:33 PM, Info: Creating Archive C:\Users\RichardL\Documents\Visual Studio 2008\Projects\ProgramBytesPushbullet\ProgramBytesPushbullet\bin\ProgramBytesPushbullet.clz...
8/11/2016 12:08:34 PM, Info: Saving project information...
8/11/2016 12:09:09 PM, Info: Validating assembly C:\Users\RichardL\Documents\Visual Studio 2008\Projects\ProgramBytesPushbullet\ProgramBytesPushbullet\bin\ProgramBytesPushbullet.dll...
8/11/2016 12:09:09 PM, Info: Verifying assembly C:\Users\RichardL\Documents\Visual Studio 2008\Projects\ProgramBytesPushbullet\ProgramBytesPushbullet\bin\ProgramBytesPushbullet.dll
8/11/2016 12:09:09 PM, Info: Creating Archive C:\Users\RichardL\Documents\Visual Studio 2008\Projects\ProgramBytesPushbullet\ProgramBytesPushbullet\bin\ProgramBytesPushbullet.clz...
8/11/2016 12:09:09 PM, Info: Saving project information...
8/11/2016 12:24:31 PM, Info: Validating assembly C:\Users\RichardL\Documents\Visual Studio 2008\Projects\ProgramBytesPushbullet\ProgramBytesPushbullet\bin\ProgramBytesPushbullet.dll...
8/11/2016 12:24:31 PM, Info: Verifying assembly C:\Users\RichardL\Documents\Visual Studio 2008\Projects\ProgramBytesPushbullet\ProgramBytesPushbullet\bin\ProgramBytesPushbullet.dll
8/11/2016 12:24:31 PM, Info: Creating Archive C:\Users\RichardL\Documents\Visual Studio 2008\Projects\ProgramBytesPushbullet\ProgramBytesPushbullet\bin\ProgramBytesPushbullet.clz...
8/11/2016 12:24:31 PM, Info: Saving project information...
8/11/2016 12:24:56 PM, Info: Validating assembly C:\Users\RichardL\Documents\Visual Studio 2008\Projects\ProgramBytesPushbullet\ProgramBytesPushbullet\bin\ProgramBytesPushbullet.dll...
8/11/2016 12:24:56 PM, Info: Verifying assembly C:\Users\RichardL\Documents\Visual Studio 2008\Projects\ProgramBytesPushbullet\ProgramBytesPushbullet\bin\ProgramBytesPushbullet.dll
8/11/2016 12:24:56 PM, Info: Creating Archive C:\Users\RichardL\Documents\Visual Studio 2008\Projects\ProgramBytesPushbullet\ProgramBytesPushbullet\bin\ProgramBytesPushbullet.clz...
8/11/2016 12:24:56 PM, Info: Saving project information...
8/11/2016 12:55:51 PM, Info: Validating assembly C:\Users\RichardL\Documents\Visual Studio 2008\Projects\ProgramBytesPushbullet\ProgramBytesPushbullet\bin\ProgramBytesPushbullet.dll...
8/11/2016 12:55:51 PM, Info: Verifying assembly C:\Users\RichardL\Documents\Visual Studio 2008\Projects\ProgramBytesPushbullet\ProgramBytesPushbullet\bin\ProgramBytesPushbullet.dll
8/11/2016 12:55:51 PM, Info: Creating Archive C:\Users\RichardL\Documents\Visual Studio 2008\Projects\ProgramBytesPushbullet\ProgramBytesPushbullet\bin\ProgramBytesPushbullet.clz...
8/11/2016 12:55:51 PM, Info: Saving project information...
8/11/2016 12:56:08 PM, Info: Validating assembly C:\Users\RichardL\Documents\Visual Studio 2008\Projects\ProgramBytesPushbullet\ProgramBytesPushbullet\bin\ProgramBytesPushbullet.dll...
8/11/2016 12:56:08 PM, Info: Verifying assembly C:\Users\RichardL\Documents\Visual Studio 2008\Projects\ProgramBytesPushbullet\ProgramBytesPushbullet\bin\ProgramBytesPushbullet.dll
8/11/2016 12:56:08 PM, Info: Creating Archive C:\Users\RichardL\Documents\Visual Studio 2008\Projects\ProgramBytesPushbullet\ProgramBytesPushbullet\bin\ProgramBytesPushbullet.clz...
8/11/2016 12:56:08 PM, Info: Saving project information...
8/11/2016 3:57:31 PM, Info: Validating assembly C:\Users\RichardL\Documents\Visual Studio 2008\Projects\ProgramBytesPushbullet\ProgramBytesPushbullet\bin\ProgramBytesPushbullet.dll...
8/11/2016 3:57:31 PM, Info: Verifying assembly C:\Users\RichardL\Documents\Visual Studio 2008\Projects\ProgramBytesPushbullet\ProgramBytesPushbullet\bin\ProgramBytesPushbullet.dll
8/11/2016 3:57:31 PM, Info: Creating Archive C:\Users\RichardL\Documents\Visual Studio 2008\Projects\ProgramBytesPushbullet\ProgramBytesPushbullet\bin\ProgramBytesPushbullet.clz...
8/11/2016 3:57:32 PM, Info: Saving project information...
8/11/2016 3:58:42 PM, Info: Validating assembly C:\Users\RichardL\Documents\Visual Studio 2008\Projects\ProgramBytesPushbullet\ProgramBytesPushbullet\bin\ProgramBytesPushbullet.dll...
8/11/2016 3:58:42 PM, Info: Verifying assembly C:\Users\RichardL\Documents\Visual Studio 2008\Projects\ProgramBytesPushbullet\ProgramBytesPushbullet\bin\ProgramBytesPushbullet.dll
8/11/2016 3:58:42 PM, Info: Creating Archive C:\Users\RichardL\Documents\Visual Studio 2008\Projects\ProgramBytesPushbullet\ProgramBytesPushbullet\bin\ProgramBytesPushbullet.clz...
8/11/2016 3:58:42 PM, Info: Saving project information...
8/12/2016 8:59:28 AM, Info: Validating assembly C:\Users\RichardL\Documents\Visual Studio 2008\Projects\ProgramBytesPushbullet\ProgramBytesPushbullet\bin\ProgramBytesPushbullet.dll...
8/12/2016 8:59:28 AM, Info: Verifying assembly C:\Users\RichardL\Documents\Visual Studio 2008\Projects\ProgramBytesPushbullet\ProgramBytesPushbullet\bin\ProgramBytesPushbullet.dll
8/12/2016 8:59:28 AM, Info: Creating Archive C:\Users\RichardL\Documents\Visual Studio 2008\Projects\ProgramBytesPushbullet\ProgramBytesPushbullet\bin\ProgramBytesPushbullet.clz...
8/12/2016 8:59:28 AM, Info: Saving project information...
8/12/2016 9:29:28 AM, Info: Validating assembly C:\Users\RichardL\Documents\Visual Studio 2008\Projects\ProgramBytesPushbullet\ProgramBytesPushbullet\bin\ProgramBytesPushbullet.dll...
8/12/2016 9:29:28 AM, Info: Verifying assembly C:\Users\RichardL\Documents\Visual Studio 2008\Projects\ProgramBytesPushbullet\ProgramBytesPushbullet\bin\ProgramBytesPushbullet.dll
8/12/2016 9:29:28 AM, Info: Creating Archive C:\Users\RichardL\Documents\Visual Studio 2008\Projects\ProgramBytesPushbullet\ProgramBytesPushbullet\bin\ProgramBytesPushbullet.clz...
8/12/2016 9:29:28 AM, Info: Saving project information...
8/12/2016 9:53:25 AM, Info: Validating assembly C:\Users\RichardL\Documents\Visual Studio 2008\Projects\ProgramBytesPushbullet\ProgramBytesPushbullet\bin\ProgramBytesPushbullet.dll...
8/12/2016 9:53:25 AM, Info: Verifying assembly C:\Users\RichardL\Documents\Visual Studio 2008\Projects\ProgramBytesPushbullet\ProgramBytesPushbullet\bin\ProgramBytesPushbullet.dll
8/12/2016 9:53:25 AM, Info: Creating Archive C:\Users\RichardL\Documents\Visual Studio 2008\Projects\ProgramBytesPushbullet\ProgramBytesPushbullet\bin\ProgramBytesPushbullet.clz...
8/12/2016 9:53:25 AM, Info: Saving project information...
8/12/2016 10:14:30 AM, Info: Validating assembly C:\Users\RichardL\Documents\Visual Studio 2008\Projects\ProgramBytesPushbullet\ProgramBytesPushbullet\bin\ProgramBytesPushbullet.dll...
8/12/2016 10:14:30 AM, Info: Verifying assembly C:\Users\RichardL\Documents\Visual Studio 2008\Projects\ProgramBytesPushbullet\ProgramBytesPushbullet\bin\ProgramBytesPushbullet.dll
8/12/2016 10:14:30 AM, Info: Creating Archive C:\Users\RichardL\Documents\Visual Studio 2008\Projects\ProgramBytesPushbullet\ProgramBytesPushbullet\bin\ProgramBytesPushbullet.clz...
8/12/2016 10:14:30 AM, Info: Saving project information...
8/12/2016 11:35:38 AM, Info: Validating assembly C:\Users\RichardL\Documents\Visual Studio 2008\Projects\ProgramBytesPushbullet\ProgramBytesPushbullet\bin\ProgramBytesPushbullet.dll...
8/12/2016 11:35:38 AM, Info: Verifying assembly C:\Users\RichardL\Documents\Visual Studio 2008\Projects\ProgramBytesPushbullet\ProgramBytesPushbullet\bin\ProgramBytesPushbullet.dll
8/12/2016 11:35:38 AM, Info: Creating Archive C:\Users\RichardL\Documents\Visual Studio 2008\Projects\ProgramBytesPushbullet\ProgramBytesPushbullet\bin\ProgramBytesPushbullet.clz...
8/12/2016 11:35:38 AM, Info: Saving project information...
8/12/2016 11:45:37 AM, Info: Validating assembly C:\Users\RichardL\Documents\Visual Studio 2008\Projects\ProgramBytesPushbullet\ProgramBytesPushbullet\bin\ProgramBytesPushbullet.dll...
8/12/2016 11:45:37 AM, Info: Verifying assembly C:\Users\RichardL\Documents\Visual Studio 2008\Projects\ProgramBytesPushbullet\ProgramBytesPushbullet\bin\ProgramBytesPushbullet.dll
8/12/2016 11:45:37 AM, Info: Creating Archive C:\Users\RichardL\Documents\Visual Studio 2008\Projects\ProgramBytesPushbullet\ProgramBytesPushbullet\bin\ProgramBytesPushbullet.clz...
8/12/2016 11:45:37 AM, Info: Saving project information...
8/17/2016 12:05:27 AM, Info: Validating assembly C:\Users\RichardL\Documents\Visual Studio 2008\Projects\ProgramBytesPushbullet\ProgramBytesPushbullet\bin\ProgramBytesPushbullet.dll...
8/17/2016 12:05:27 AM, Info: Verifying assembly C:\Users\RichardL\Documents\Visual Studio 2008\Projects\ProgramBytesPushbullet\ProgramBytesPushbullet\bin\ProgramBytesPushbullet.dll
8/17/2016 12:05:27 AM, Info: Creating Archive C:\Users\RichardL\Documents\Visual Studio 2008\Projects\ProgramBytesPushbullet\ProgramBytesPushbullet\bin\ProgramBytesPushbullet.clz...
8/17/2016 12:05:27 AM, Info: Saving project information...
8/17/2016 12:09:42 AM, Info: Validating assembly C:\Users\RichardL\Documents\Visual Studio 2008\Projects\ProgramBytesPushbullet\ProgramBytesPushbullet\bin\ProgramBytesPushbullet.dll...
8/17/2016 12:09:42 AM, Info: Verifying assembly C:\Users\RichardL\Documents\Visual Studio 2008\Projects\ProgramBytesPushbullet\ProgramBytesPushbullet\bin\ProgramBytesPushbullet.dll
8/17/2016 12:09:42 AM, Info: Creating Archive C:\Users\RichardL\Documents\Visual Studio 2008\Projects\ProgramBytesPushbullet\ProgramBytesPushbullet\bin\ProgramBytesPushbullet.clz...
8/17/2016 12:09:42 AM, Info: Saving project information...
8/17/2016 12:10:42 AM, Info: Validating assembly C:\Users\RichardL\Documents\Visual Studio 2008\Projects\ProgramBytesPushbullet\ProgramBytesPushbullet\bin\ProgramBytesPushbullet.dll...
8/17/2016 12:10:42 AM, Info: Verifying assembly C:\Users\RichardL\Documents\Visual Studio 2008\Projects\ProgramBytesPushbullet\ProgramBytesPushbullet\bin\ProgramBytesPushbullet.dll
8/17/2016 12:10:42 AM, Info: Creating Archive C:\Users\RichardL\Documents\Visual Studio 2008\Projects\ProgramBytesPushbullet\ProgramBytesPushbullet\bin\ProgramBytesPushbullet.clz...
8/17/2016 12:10:42 AM, Info: Saving project information...
8/17/2016 12:13:53 AM, Info: Validating assembly C:\Users\RichardL\Documents\Visual Studio 2008\Projects\ProgramBytesPushbullet\ProgramBytesPushbullet\bin\ProgramBytesPushbullet.dll...
8/17/2016 12:13:53 AM, Info: Verifying assembly C:\Users\RichardL\Documents\Visual Studio 2008\Projects\ProgramBytesPushbullet\ProgramBytesPushbullet\bin\ProgramBytesPushbullet.dll
8/17/2016 12:13:53 AM, Info: Creating Archive C:\Users\RichardL\Documents\Visual Studio 2008\Projects\ProgramBytesPushbullet\ProgramBytesPushbullet\bin\ProgramBytesPushbullet.clz...
8/17/2016 12:13:54 AM, Info: Saving project information...
8/17/2016 12:18:17 AM, Info: Validating assembly C:\Users\RichardL\Documents\Visual Studio 2008\Projects\ProgramBytesPushbullet\ProgramBytesPushbullet\bin\ProgramBytesPushbullet.dll...
8/17/2016 12:18:17 AM, Info: Verifying assembly C:\Users\RichardL\Documents\Visual Studio 2008\Projects\ProgramBytesPushbullet\ProgramBytesPushbullet\bin\ProgramBytesPushbullet.dll
8/17/2016 12:18:17 AM, Info: Creating Archive C:\Users\RichardL\Documents\Visual Studio 2008\Projects\ProgramBytesPushbullet\ProgramBytesPushbullet\bin\ProgramBytesPushbullet.clz...
8/17/2016 12:18:18 AM, Info: Saving project information...
8/17/2016 1:19:08 AM, Info: Validating assembly C:\Users\RichardL\Documents\Visual Studio 2008\Projects\ProgramBytesPushbullet\ProgramBytesPushbullet\bin\ProgramBytesPushbullet.dll...
8/17/2016 1:19:08 AM, Info: Verifying assembly C:\Users\RichardL\Documents\Visual Studio 2008\Projects\ProgramBytesPushbullet\ProgramBytesPushbullet\bin\ProgramBytesPushbullet.dll
8/17/2016 1:19:08 AM, Info: Creating Archive C:\Users\RichardL\Documents\Visual Studio 2008\Projects\ProgramBytesPushbullet\ProgramBytesPushbullet\bin\ProgramBytesPushbullet.clz...
8/17/2016 1:19:09 AM, Info: Saving project information...
8/17/2016 1:19:27 AM, Info: Validating assembly C:\Users\RichardL\Documents\Visual Studio 2008\Projects\ProgramBytesPushbullet\ProgramBytesPushbullet\bin\ProgramBytesPushbullet.dll...
8/17/2016 1:19:27 AM, Info: Verifying assembly C:\Users\RichardL\Documents\Visual Studio 2008\Projects\ProgramBytesPushbullet\ProgramBytesPushbullet\bin\ProgramBytesPushbullet.dll
8/17/2016 1:19:27 AM, Info: Creating Archive C:\Users\RichardL\Documents\Visual Studio 2008\Projects\ProgramBytesPushbullet\ProgramBytesPushbullet\bin\ProgramBytesPushbullet.clz...
8/17/2016 1:19:28 AM, Info: Saving project information...
8/17/2016 1:23:00 AM, Info: Validating assembly C:\Users\RichardL\Documents\Visual Studio 2008\Projects\ProgramBytesPushbullet\ProgramBytesPushbullet\bin\ProgramBytesPushbullet.dll...
8/17/2016 1:23:00 AM, Info: Verifying assembly C:\Users\RichardL\Documents\Visual Studio 2008\Projects\ProgramBytesPushbullet\ProgramBytesPushbullet\bin\ProgramBytesPushbullet.dll
8/17/2016 1:23:00 AM, Info: Creating Archive C:\Users\RichardL\Documents\Visual Studio 2008\Projects\ProgramBytesPushbullet\ProgramBytesPushbullet\bin\ProgramBytesPushbullet.clz...
8/17/2016 1:23:00 AM, Info: Saving project information...
8/17/2016 8:13:17 AM, Info: Validating assembly C:\Users\RichardL\Documents\Visual Studio 2008\Projects\ProgramBytesPushbullet\ProgramBytesPushbullet\bin\ProgramBytesPushbullet.dll...
8/17/2016 8:13:18 AM, Info: Verifying assembly C:\Users\RichardL\Documents\Visual Studio 2008\Projects\ProgramBytesPushbullet\ProgramBytesPushbullet\bin\ProgramBytesPushbullet.dll
8/17/2016 8:13:18 AM, Info: Creating Archive C:\Users\RichardL\Documents\Visual Studio 2008\Projects\ProgramBytesPushbullet\ProgramBytesPushbullet\bin\ProgramBytesPushbullet.clz...
8/17/2016 8:13:18 AM, Info: Saving project information...
8/17/2016 8:40:54 AM, Info: Validating assembly C:\Users\RichardL\Documents\Visual Studio 2008\Projects\ProgramBytesPushbullet\ProgramBytesPushbullet\bin\ProgramBytesPushbullet.dll...
8/17/2016 8:40:54 AM, Info: Verifying assembly C:\Users\RichardL\Documents\Visual Studio 2008\Projects\ProgramBytesPushbullet\ProgramBytesPushbullet\bin\ProgramBytesPushbullet.dll
8/17/2016 8:40:55 AM, Info: Creating Archive C:\Users\RichardL\Documents\Visual Studio 2008\Projects\ProgramBytesPushbullet\ProgramBytesPushbullet\bin\ProgramBytesPushbullet.clz...
8/17/2016 8:40:55 AM, Info: Saving project information...
8/17/2016 8:52:08 AM, Info: Validating assembly C:\Users\RichardL\Documents\Visual Studio 2008\Projects\ProgramBytesPushbullet\ProgramBytesPushbullet\bin\ProgramBytesPushbullet.dll...
8/17/2016 8:52:08 AM, Info: Verifying assembly C:\Users\RichardL\Documents\Visual Studio 2008\Projects\ProgramBytesPushbullet\ProgramBytesPushbullet\bin\ProgramBytesPushbullet.dll
8/17/2016 8:52:08 AM, Info: Creating Archive C:\Users\RichardL\Documents\Visual Studio 2008\Projects\ProgramBytesPushbullet\ProgramBytesPushbullet\bin\ProgramBytesPushbullet.clz...
8/17/2016 8:52:08 AM, Info: Saving project information...
8/17/2016 8:52:22 AM, Info: Validating assembly C:\Users\RichardL\Documents\Visual Studio 2008\Projects\ProgramBytesPushbullet\ProgramBytesPushbullet\bin\ProgramBytesPushbullet.dll...
8/17/2016 8:52:22 AM, Info: Verifying assembly C:\Users\RichardL\Documents\Visual Studio 2008\Projects\ProgramBytesPushbullet\ProgramBytesPushbullet\bin\ProgramBytesPushbullet.dll
8/17/2016 8:52:22 AM, Info: Creating Archive C:\Users\RichardL\Documents\Visual Studio 2008\Projects\ProgramBytesPushbullet\ProgramBytesPushbullet\bin\ProgramBytesPushbullet.clz...
8/17/2016 8:52:23 AM, Info: Saving project information...
8/17/2016 9:25:37 AM, Info: Validating assembly C:\Users\RichardL\Documents\Visual Studio 2008\Projects\ProgramBytesPushbullet\ProgramBytesPushbullet\bin\ProgramBytesPushbullet.dll...
8/17/2016 9:25:37 AM, Info: Verifying assembly C:\Users\RichardL\Documents\Visual Studio 2008\Projects\ProgramBytesPushbullet\ProgramBytesPushbullet\bin\ProgramBytesPushbullet.dll
8/17/2016 9:25:37 AM, Info: Creating Archive C:\Users\RichardL\Documents\Visual Studio 2008\Projects\ProgramBytesPushbullet\ProgramBytesPushbullet\bin\ProgramBytesPushbullet.clz...
8/17/2016 9:25:37 AM, Info: Saving project information...
8/17/2016 9:38:23 AM, Info: Validating assembly C:\Users\RichardL\Documents\Visual Studio 2008\Projects\ProgramBytesPushbullet\ProgramBytesPushbullet\bin\ProgramBytesPushbullet.dll...
8/17/2016 9:38:23 AM, Info: Verifying assembly C:\Users\RichardL\Documents\Visual Studio 2008\Projects\ProgramBytesPushbullet\ProgramBytesPushbullet\bin\ProgramBytesPushbullet.dll
8/17/2016 9:38:23 AM, Info: Creating Archive C:\Users\RichardL\Documents\Visual Studio 2008\Projects\ProgramBytesPushbullet\ProgramBytesPushbullet\bin\ProgramBytesPushbullet.clz...
8/17/2016 9:38:24 AM, Info: Saving project information...
8/17/2016 10:15:57 AM, Info: Validating assembly C:\Users\RichardL\Documents\Visual Studio 2008\Projects\ProgramBytesPushbullet\ProgramBytesPushbullet\bin\ProgramBytesPushbullet.dll...
8/17/2016 10:15:57 AM, Info: Verifying assembly C:\Users\RichardL\Documents\Visual Studio 2008\Projects\ProgramBytesPushbullet\ProgramBytesPushbullet\bin\ProgramBytesPushbullet.dll
8/17/2016 10:15:57 AM, Info: Creating Archive C:\Users\RichardL\Documents\Visual Studio 2008\Projects\ProgramBytesPushbullet\ProgramBytesPushbullet\bin\ProgramBytesPushbullet.clz...
8/17/2016 10:15:57 AM, Info: Saving project information...
8/17/2016 10:23:07 AM, Info: Validating assembly C:\Users\RichardL\Documents\Visual Studio 2008\Projects\ProgramBytesPushbullet\ProgramBytesPushbullet\bin\ProgramBytesPushbullet.dll...
8/17/2016 10:23:07 AM, Info: Verifying assembly C:\Users\RichardL\Documents\Visual Studio 2008\Projects\ProgramBytesPushbullet\ProgramBytesPushbullet\bin\ProgramBytesPushbullet.dll
8/17/2016 10:23:07 AM, Info: Creating Archive C:\Users\RichardL\Documents\Visual Studio 2008\Projects\ProgramBytesPushbullet\ProgramBytesPushbullet\bin\ProgramBytesPushbullet.clz...
8/17/2016 10:23:08 AM, Info: Saving project information...
8/17/2016 10:27:12 AM, Info: Validating assembly C:\Users\RichardL\Documents\Visual Studio 2008\Projects\ProgramBytesPushbullet\ProgramBytesPushbullet\bin\ProgramBytesPushbullet.dll...
8/17/2016 10:27:12 AM, Info: Verifying assembly C:\Users\RichardL\Documents\Visual Studio 2008\Projects\ProgramBytesPushbullet\ProgramBytesPushbullet\bin\ProgramBytesPushbullet.dll
8/17/2016 10:27:12 AM, Info: Creating Archive C:\Users\RichardL\Documents\Visual Studio 2008\Projects\ProgramBytesPushbullet\ProgramBytesPushbullet\bin\ProgramBytesPushbullet.clz...
8/17/2016 10:27:12 AM, Info: Saving project information...
8/17/2016 12:23:15 PM, Info: Validating assembly C:\Users\RichardL\Documents\Visual Studio 2008\Projects\ProgramBytesPushbullet\ProgramBytesPushbullet\bin\ProgramBytesPushbullet.dll...
8/17/2016 12:23:16 PM, Info: Verifying assembly C:\Users\RichardL\Documents\Visual Studio 2008\Projects\ProgramBytesPushbullet\ProgramBytesPushbullet\bin\ProgramBytesPushbullet.dll
8/17/2016 12:23:16 PM, Info: Creating Archive C:\Users\RichardL\Documents\Visual Studio 2008\Projects\ProgramBytesPushbullet\ProgramBytesPushbullet\bin\ProgramBytesPushbullet.clz...
8/17/2016 12:23:16 PM, Info: Saving project information...
8/17/2016 12:25:20 PM, Info: Validating assembly C:\Users\RichardL\Documents\Visual Studio 2008\Projects\ProgramBytesPushbullet\ProgramBytesPushbullet\bin\ProgramBytesPushbullet.dll...
8/17/2016 12:25:20 PM, Info: Verifying assembly C:\Users\RichardL\Documents\Visual Studio 2008\Projects\ProgramBytesPushbullet\ProgramBytesPushbullet\bin\ProgramBytesPushbullet.dll
8/17/2016 12:25:20 PM, Info: Creating Archive C:\Users\RichardL\Documents\Visual Studio 2008\Projects\ProgramBytesPushbullet\ProgramBytesPushbullet\bin\ProgramBytesPushbullet.clz...
8/17/2016 12:25:20 PM, Info: Saving project information...
8/17/2016 12:25:46 PM, Info: Validating assembly C:\Users\RichardL\Documents\Visual Studio 2008\Projects\ProgramBytesPushbullet\ProgramBytesPushbullet\bin\ProgramBytesPushbullet.dll...
8/17/2016 12:25:46 PM, Info: Verifying assembly C:\Users\RichardL\Documents\Visual Studio 2008\Projects\ProgramBytesPushbullet\ProgramBytesPushbullet\bin\ProgramBytesPushbullet.dll
8/17/2016 12:25:46 PM, Info: Creating Archive C:\Users\RichardL\Documents\Visual Studio 2008\Projects\ProgramBytesPushbullet\ProgramBytesPushbullet\bin\ProgramBytesPushbullet.clz...
8/17/2016 12:25:46 PM, Info: Saving project information...
8/17/2016 12:39:42 PM, Info: Validating assembly C:\Users\RichardL\Documents\Visual Studio 2008\Projects\ProgramBytesPushbullet\ProgramBytesPushbullet\bin\ProgramBytesPushbullet.dll...
8/17/2016 12:39:42 PM, Info: Verifying assembly C:\Users\RichardL\Documents\Visual Studio 2008\Projects\ProgramBytesPushbullet\ProgramBytesPushbullet\bin\ProgramBytesPushbullet.dll
8/17/2016 12:39:42 PM, Info: Creating Archive C:\Users\RichardL\Documents\Visual Studio 2008\Projects\ProgramBytesPushbullet\ProgramBytesPushbullet\bin\ProgramBytesPushbullet.clz...
8/17/2016 12:39:42 PM, Info: Saving project information...
8/17/2016 12:43:59 PM, Info: Validating assembly C:\Users\RichardL\Documents\Visual Studio 2008\Projects\ProgramBytesPushbullet\ProgramBytesPushbullet\bin\ProgramBytesPushbullet.dll...
8/17/2016 12:43:59 PM, Info: Verifying assembly C:\Users\RichardL\Documents\Visual Studio 2008\Projects\ProgramBytesPushbullet\ProgramBytesPushbullet\bin\ProgramBytesPushbullet.dll
8/17/2016 12:43:59 PM, Info: Creating Archive C:\Users\RichardL\Documents\Visual Studio 2008\Projects\ProgramBytesPushbullet\ProgramBytesPushbullet\bin\ProgramBytesPushbullet.clz...
8/17/2016 12:44:00 PM, Info: Saving project information...
8/17/2016 12:48:01 PM, Info: Validating assembly C:\Users\RichardL\Documents\Visual Studio 2008\Projects\ProgramBytesPushbullet\ProgramBytesPushbullet\bin\ProgramBytesPushbullet.dll...
8/17/2016 12:48:01 PM, Info: Verifying assembly C:\Users\RichardL\Documents\Visual Studio 2008\Projects\ProgramBytesPushbullet\ProgramBytesPushbullet\bin\ProgramBytesPushbullet.dll
8/17/2016 12:48:01 PM, Info: Creating Archive C:\Users\RichardL\Documents\Visual Studio 2008\Projects\ProgramBytesPushbullet\ProgramBytesPushbullet\bin\ProgramBytesPushbullet.clz...
8/17/2016 12:48:01 PM, Info: Saving project information...
8/17/2016 12:56:07 PM, Info: Validating assembly C:\Users\RichardL\Documents\Visual Studio 2008\Projects\ProgramBytesPushbullet\ProgramBytesPushbullet\bin\ProgramBytesPushbullet.dll...
8/17/2016 12:56:07 PM, Info: Verifying assembly C:\Users\RichardL\Documents\Visual Studio 2008\Projects\ProgramBytesPushbullet\ProgramBytesPushbullet\bin\ProgramBytesPushbullet.dll
8/17/2016 12:56:07 PM, Info: Creating Archive C:\Users\RichardL\Documents\Visual Studio 2008\Projects\ProgramBytesPushbullet\ProgramBytesPushbullet\bin\ProgramBytesPushbullet.clz...
8/17/2016 12:56:07 PM, Info: Saving project information...
8/17/2016 12:56:26 PM, Info: Validating assembly C:\Users\RichardL\Documents\Visual Studio 2008\Projects\ProgramBytesPushbullet\ProgramBytesPushbullet\bin\ProgramBytesPushbullet.dll...
8/17/2016 12:56:26 PM, Info: Verifying assembly C:\Users\RichardL\Documents\Visual Studio 2008\Projects\ProgramBytesPushbullet\ProgramBytesPushbullet\bin\ProgramBytesPushbullet.dll
8/17/2016 12:56:26 PM, Info: Creating Archive C:\Users\RichardL\Documents\Visual Studio 2008\Projects\ProgramBytesPushbullet\ProgramBytesPushbullet\bin\ProgramBytesPushbullet.clz...
8/17/2016 12:56:26 PM, Info: Saving project information...
8/17/2016 1:05:25 PM, Info: Validating assembly C:\Users\RichardL\Documents\Visual Studio 2008\Projects\ProgramBytesPushbullet\ProgramBytesPushbullet\bin\ProgramBytesPushbullet.dll...
8/17/2016 1:05:25 PM, Info: Verifying assembly C:\Users\RichardL\Documents\Visual Studio 2008\Projects\ProgramBytesPushbullet\ProgramBytesPushbullet\bin\ProgramBytesPushbullet.dll
8/17/2016 1:05:25 PM, Info: Creating Archive C:\Users\RichardL\Documents\Visual Studio 2008\Projects\ProgramBytesPushbullet\ProgramBytesPushbullet\bin\ProgramBytesPushbullet.clz...
8/17/2016 1:05:25 PM, Info: Saving project information...
8/17/2016 1:11:31 PM, Info: Validating assembly C:\Users\RichardL\Documents\Visual Studio 2008\Projects\ProgramBytesPushbullet\ProgramBytesPushbullet\bin\ProgramBytesPushbullet.dll...
8/17/2016 1:11:31 PM, Info: Verifying assembly C:\Users\RichardL\Documents\Visual Studio 2008\Projects\ProgramBytesPushbullet\ProgramBytesPushbullet\bin\ProgramBytesPushbullet.dll
8/17/2016 1:11:31 PM, Info: Creating Archive C:\Users\RichardL\Documents\Visual Studio 2008\Projects\ProgramBytesPushbullet\ProgramBytesPushbullet\bin\ProgramBytesPushbullet.clz...
8/17/2016 1:11:32 PM, Info: Saving project information...
8/17/2016 1:18:52 PM, Info: Validating assembly C:\Users\RichardL\Documents\Visual Studio 2008\Projects\ProgramBytesPushbullet\ProgramBytesPushbullet\bin\ProgramBytesPushbullet.dll...
8/17/2016 1:18:53 PM, Info: Verifying assembly C:\Users\RichardL\Documents\Visual Studio 2008\Projects\ProgramBytesPushbullet\ProgramBytesPushbullet\bin\ProgramBytesPushbullet.dll
8/17/2016 1:18:53 PM, Info: Creating Archive C:\Users\RichardL\Documents\Visual Studio 2008\Projects\ProgramBytesPushbullet\ProgramBytesPushbullet\bin\ProgramBytesPushbullet.clz...
8/17/2016 1:18:53 PM, Info: Saving project information...
8/17/2016 1:19:21 PM, Info: Validating assembly C:\Users\RichardL\Documents\Visual Studio 2008\Projects\ProgramBytesPushbullet\ProgramBytesPushbullet\bin\ProgramBytesPushbullet.dll...
8/17/2016 1:19:21 PM, Info: Verifying assembly C:\Users\RichardL\Documents\Visual Studio 2008\Projects\ProgramBytesPushbullet\ProgramBytesPushbullet\bin\ProgramBytesPushbullet.dll
8/17/2016 1:19:21 PM, Info: Creating Archive C:\Users\RichardL\Documents\Visual Studio 2008\Projects\ProgramBytesPushbullet\ProgramBytesPushbullet\bin\ProgramBytesPushbullet.clz...
8/17/2016 1:19:21 PM, Info: Saving project information...
8/17/2016 1:19:40 PM, Info: Validating assembly C:\Users\RichardL\Documents\Visual Studio 2008\Projects\ProgramBytesPushbullet\ProgramBytesPushbullet\bin\ProgramBytesPushbullet.dll...
8/17/2016 1:19:40 PM, Info: Verifying assembly C:\Users\RichardL\Documents\Visual Studio 2008\Projects\ProgramBytesPushbullet\ProgramBytesPushbullet\bin\ProgramBytesPushbullet.dll
8/17/2016 1:19:40 PM, Info: Creating Archive C:\Users\RichardL\Documents\Visual Studio 2008\Projects\ProgramBytesPushbullet\ProgramBytesPushbullet\bin\ProgramBytesPushbullet.clz...
8/17/2016 1:19:41 PM, Info: Saving project information...
8/17/2016 1:26:51 PM, Info: Validating assembly C:\Users\RichardL\Documents\Visual Studio 2008\Projects\ProgramBytesPushbullet\ProgramBytesPushbullet\bin\ProgramBytesPushbullet.dll...
8/17/2016 1:26:51 PM, Info: Verifying assembly C:\Users\RichardL\Documents\Visual Studio 2008\Projects\ProgramBytesPushbullet\ProgramBytesPushbullet\bin\ProgramBytesPushbullet.dll
8/17/2016 1:26:51 PM, Info: Creating Archive C:\Users\RichardL\Documents\Visual Studio 2008\Projects\ProgramBytesPushbullet\ProgramBytesPushbullet\bin\ProgramBytesPushbullet.clz...
8/17/2016 1:26:52 PM, Info: Saving project information...
8/22/2016 4:24:59 PM, Info: Terminating SIMPLSharp Services
