8/24/2016 8:08:05 AM, Info: Initializing SIMPLSharp Services...
8/24/2016 8:08:05 AM, Info: ProjectInfo successfully initialized.
8/24/2016 8:16:54 AM, Info: Validating assembly C:\Users\RichardL\Documents\Visual Studio 2008\Projects\ProgramBytesPushbullet\ProgramBytesPushbullet\bin\ProgramBytesPushbullet.dll...
8/24/2016 8:16:55 AM, Info: Verifying assembly C:\Users\RichardL\Documents\Visual Studio 2008\Projects\ProgramBytesPushbullet\ProgramBytesPushbullet\bin\ProgramBytesPushbullet.dll
8/24/2016 8:16:55 AM, Info: Creating Archive C:\Users\RichardL\Documents\Visual Studio 2008\Projects\ProgramBytesPushbullet\ProgramBytesPushbullet\bin\ProgramBytesPushbullet.clz...
8/24/2016 8:16:55 AM, Info: Saving project information...
8/25/2016 2:39:43 PM, Info: Validating assembly C:\Users\RichardL\Documents\Visual Studio 2008\Projects\ProgramBytesPushbullet\ProgramBytesPushbullet\bin\ProgramBytesPushbullet.dll...
8/25/2016 2:39:44 PM, Info: Verifying assembly C:\Users\RichardL\Documents\Visual Studio 2008\Projects\ProgramBytesPushbullet\ProgramBytesPushbullet\bin\ProgramBytesPushbullet.dll
8/25/2016 2:39:44 PM, Info: Creating Archive C:\Users\RichardL\Documents\Visual Studio 2008\Projects\ProgramBytesPushbullet\ProgramBytesPushbullet\bin\ProgramBytesPushbullet.clz...
8/25/2016 2:39:44 PM, Info: Saving project information...
8/25/2016 2:45:33 PM, Info: Validating assembly C:\Users\RichardL\Documents\Visual Studio 2008\Projects\ProgramBytesPushbullet\ProgramBytesPushbullet\bin\ProgramBytesPushbullet.dll...
8/25/2016 2:45:33 PM, Info: Verifying assembly C:\Users\RichardL\Documents\Visual Studio 2008\Projects\ProgramBytesPushbullet\ProgramBytesPushbullet\bin\ProgramBytesPushbullet.dll
8/25/2016 2:45:33 PM, Info: Creating Archive C:\Users\RichardL\Documents\Visual Studio 2008\Projects\ProgramBytesPushbullet\ProgramBytesPushbullet\bin\ProgramBytesPushbullet.clz...
8/25/2016 2:45:34 PM, Info: Saving project information...
8/25/2016 2:54:56 PM, Info: Validating assembly C:\Users\RichardL\Documents\Visual Studio 2008\Projects\ProgramBytesPushbullet\ProgramBytesPushbullet\bin\ProgramBytesPushbullet.dll...
8/25/2016 2:54:57 PM, Info: Verifying assembly C:\Users\RichardL\Documents\Visual Studio 2008\Projects\ProgramBytesPushbullet\ProgramBytesPushbullet\bin\ProgramBytesPushbullet.dll
8/25/2016 2:54:57 PM, Info: Creating Archive C:\Users\RichardL\Documents\Visual Studio 2008\Projects\ProgramBytesPushbullet\ProgramBytesPushbullet\bin\ProgramBytesPushbullet.clz...
8/25/2016 2:54:57 PM, Info: Saving project information...
8/25/2016 2:59:08 PM, Info: Validating assembly C:\Users\RichardL\Documents\Visual Studio 2008\Projects\ProgramBytesPushbullet\ProgramBytesPushbullet\bin\ProgramBytesPushbullet.dll...
8/25/2016 2:59:08 PM, Info: Verifying assembly C:\Users\RichardL\Documents\Visual Studio 2008\Projects\ProgramBytesPushbullet\ProgramBytesPushbullet\bin\ProgramBytesPushbullet.dll
8/25/2016 2:59:08 PM, Info: Creating Archive C:\Users\RichardL\Documents\Visual Studio 2008\Projects\ProgramBytesPushbullet\ProgramBytesPushbullet\bin\ProgramBytesPushbullet.clz...
8/25/2016 2:59:09 PM, Info: Saving project information...
8/25/2016 3:02:57 PM, Info: Validating assembly C:\Users\RichardL\Documents\Visual Studio 2008\Projects\ProgramBytesPushbullet\ProgramBytesPushbullet\bin\ProgramBytesPushbullet.dll...
8/25/2016 3:02:57 PM, Info: Verifying assembly C:\Users\RichardL\Documents\Visual Studio 2008\Projects\ProgramBytesPushbullet\ProgramBytesPushbullet\bin\ProgramBytesPushbullet.dll
8/25/2016 3:02:57 PM, Info: Creating Archive C:\Users\RichardL\Documents\Visual Studio 2008\Projects\ProgramBytesPushbullet\ProgramBytesPushbullet\bin\ProgramBytesPushbullet.clz...
8/25/2016 3:02:57 PM, Info: Saving project information...
8/25/2016 3:03:26 PM, Info: Validating assembly C:\Users\RichardL\Documents\Visual Studio 2008\Projects\ProgramBytesPushbullet\ProgramBytesPushbullet\bin\ProgramBytesPushbullet.dll...
8/25/2016 3:03:26 PM, Info: Verifying assembly C:\Users\RichardL\Documents\Visual Studio 2008\Projects\ProgramBytesPushbullet\ProgramBytesPushbullet\bin\ProgramBytesPushbullet.dll
8/25/2016 3:03:26 PM, Info: Creating Archive C:\Users\RichardL\Documents\Visual Studio 2008\Projects\ProgramBytesPushbullet\ProgramBytesPushbullet\bin\ProgramBytesPushbullet.clz...
8/25/2016 3:03:26 PM, Info: Saving project information...
8/25/2016 3:03:45 PM, Info: Validating assembly C:\Users\RichardL\Documents\Visual Studio 2008\Projects\ProgramBytesPushbullet\ProgramBytesPushbullet\bin\ProgramBytesPushbullet.dll...
8/25/2016 3:03:45 PM, Info: Verifying assembly C:\Users\RichardL\Documents\Visual Studio 2008\Projects\ProgramBytesPushbullet\ProgramBytesPushbullet\bin\ProgramBytesPushbullet.dll
8/25/2016 3:03:45 PM, Info: Creating Archive C:\Users\RichardL\Documents\Visual Studio 2008\Projects\ProgramBytesPushbullet\ProgramBytesPushbullet\bin\ProgramBytesPushbullet.clz...
8/25/2016 3:03:45 PM, Info: Saving project information...
8/25/2016 3:23:46 PM, Info: Validating assembly C:\Users\RichardL\Documents\Visual Studio 2008\Projects\ProgramBytesPushbullet\ProgramBytesPushbullet\bin\ProgramBytesPushbullet.dll...
8/25/2016 3:23:46 PM, Info: Verifying assembly C:\Users\RichardL\Documents\Visual Studio 2008\Projects\ProgramBytesPushbullet\ProgramBytesPushbullet\bin\ProgramBytesPushbullet.dll
8/25/2016 3:23:46 PM, Info: Creating Archive C:\Users\RichardL\Documents\Visual Studio 2008\Projects\ProgramBytesPushbullet\ProgramBytesPushbullet\bin\ProgramBytesPushbullet.clz...
8/25/2016 3:23:47 PM, Info: Saving project information...
8/25/2016 3:31:33 PM, Info: Validating assembly C:\Users\RichardL\Documents\Visual Studio 2008\Projects\ProgramBytesPushbullet\ProgramBytesPushbullet\bin\ProgramBytesPushbullet.dll...
8/25/2016 3:31:33 PM, Info: Verifying assembly C:\Users\RichardL\Documents\Visual Studio 2008\Projects\ProgramBytesPushbullet\ProgramBytesPushbullet\bin\ProgramBytesPushbullet.dll
8/25/2016 3:31:33 PM, Info: Creating Archive C:\Users\RichardL\Documents\Visual Studio 2008\Projects\ProgramBytesPushbullet\ProgramBytesPushbullet\bin\ProgramBytesPushbullet.clz...
8/25/2016 3:31:34 PM, Info: Saving project information...
8/25/2016 3:40:23 PM, Info: Terminating SIMPLSharp Services
