8/17/2016 2:04:24 PM, Info: Initializing SIMPLSharp Services...
8/17/2016 2:04:24 PM, Info: ProjectInfo successfully initialized.
8/17/2016 2:06:30 PM, Info: Saving project information...
8/17/2016 2:06:30 PM, Info: Saving project information...
8/17/2016 2:11:30 PM, Info: Saving project information...
8/17/2016 2:11:30 PM, Info: Saving project information...
8/17/2016 2:16:30 PM, Info: Saving project information...
8/17/2016 2:16:30 PM, Info: Saving project information...
8/17/2016 2:21:30 PM, Info: Saving project information...
8/17/2016 2:21:30 PM, Info: Saving project information...
8/17/2016 2:26:30 PM, Info: Saving project information...
8/17/2016 2:26:30 PM, Info: Saving project information...
8/17/2016 2:31:30 PM, Info: Saving project information...
8/17/2016 2:31:30 PM, Info: Saving project information...
8/17/2016 2:36:30 PM, Info: Saving project information...
8/17/2016 2:36:30 PM, Info: Saving project information...
8/17/2016 2:41:30 PM, Info: Saving project information...
8/17/2016 2:41:30 PM, Info: Saving project information...
8/17/2016 2:46:30 PM, Info: Saving project information...
8/17/2016 2:46:30 PM, Info: Saving project information...
8/17/2016 2:51:30 PM, Info: Saving project information...
8/17/2016 2:51:30 PM, Info: Saving project information...
8/17/2016 2:56:30 PM, Info: Saving project information...
8/17/2016 2:56:30 PM, Info: Saving project information...
8/17/2016 3:01:30 PM, Info: Saving project information...
8/17/2016 3:01:30 PM, Info: Saving project information...
8/17/2016 3:06:30 PM, Info: Saving project information...
8/17/2016 3:06:30 PM, Info: Saving project information...
8/17/2016 3:11:30 PM, Info: Saving project information...
8/17/2016 3:11:30 PM, Info: Saving project information...
8/17/2016 3:16:30 PM, Info: Saving project information...
8/17/2016 3:16:30 PM, Info: Saving project information...
8/17/2016 3:21:30 PM, Info: Saving project information...
8/17/2016 3:21:30 PM, Info: Saving project information...
8/17/2016 3:26:30 PM, Info: Saving project information...
8/17/2016 3:26:30 PM, Info: Saving project information...
8/17/2016 3:31:30 PM, Info: Saving project information...
8/17/2016 3:31:30 PM, Info: Saving project information...
8/17/2016 3:36:30 PM, Info: Saving project information...
8/17/2016 3:36:30 PM, Info: Saving project information...
8/17/2016 3:41:30 PM, Info: Saving project information...
8/17/2016 3:41:30 PM, Info: Saving project information...
8/17/2016 3:46:30 PM, Info: Saving project information...
8/17/2016 3:46:30 PM, Info: Saving project information...
8/17/2016 3:51:30 PM, Info: Saving project information...
8/17/2016 3:51:30 PM, Info: Saving project information...
8/17/2016 3:56:30 PM, Info: Saving project information...
8/17/2016 3:56:30 PM, Info: Saving project information...
8/17/2016 4:01:30 PM, Info: Saving project information...
8/17/2016 4:01:30 PM, Info: Saving project information...
8/17/2016 4:06:30 PM, Info: Saving project information...
8/17/2016 4:06:30 PM, Info: Saving project information...
8/17/2016 4:11:30 PM, Info: Saving project information...
8/17/2016 4:11:30 PM, Info: Saving project information...
8/17/2016 4:16:30 PM, Info: Saving project information...
8/17/2016 4:16:30 PM, Info: Saving project information...
8/17/2016 4:21:30 PM, Info: Saving project information...
8/17/2016 4:21:30 PM, Info: Saving project information...
8/17/2016 4:26:30 PM, Info: Saving project information...
8/17/2016 4:26:30 PM, Info: Saving project information...
8/17/2016 4:31:30 PM, Info: Saving project information...
8/17/2016 4:31:30 PM, Info: Saving project information...
8/17/2016 4:36:30 PM, Info: Saving project information...
8/17/2016 4:36:30 PM, Info: Saving project information...
8/17/2016 4:41:30 PM, Info: Saving project information...
8/17/2016 4:41:30 PM, Info: Saving project information...
8/17/2016 4:46:30 PM, Info: Saving project information...
8/17/2016 4:46:30 PM, Info: Saving project information...
8/17/2016 4:51:30 PM, Info: Saving project information...
8/17/2016 4:51:30 PM, Info: Saving project information...
8/17/2016 4:56:30 PM, Info: Saving project information...
8/17/2016 4:56:30 PM, Info: Saving project information...
8/17/2016 5:01:30 PM, Info: Saving project information...
8/17/2016 5:01:30 PM, Info: Saving project information...
8/17/2016 5:06:30 PM, Info: Saving project information...
8/17/2016 5:06:30 PM, Info: Saving project information...
8/17/2016 5:11:30 PM, Info: Saving project information...
8/17/2016 5:11:30 PM, Info: Saving project information...
8/17/2016 5:16:30 PM, Info: Saving project information...
8/17/2016 5:16:30 PM, Info: Saving project information...
8/17/2016 5:21:30 PM, Info: Saving project information...
8/17/2016 5:21:30 PM, Info: Saving project information...
8/17/2016 5:26:30 PM, Info: Saving project information...
8/17/2016 5:26:30 PM, Info: Saving project information...
8/17/2016 5:31:30 PM, Info: Saving project information...
8/17/2016 5:31:30 PM, Info: Saving project information...
8/17/2016 5:36:30 PM, Info: Saving project information...
8/17/2016 5:36:30 PM, Info: Saving project information...
8/17/2016 5:41:30 PM, Info: Saving project information...
8/17/2016 5:41:30 PM, Info: Saving project information...
8/17/2016 5:46:30 PM, Info: Saving project information...
8/17/2016 5:46:30 PM, Info: Saving project information...
8/17/2016 5:51:30 PM, Info: Saving project information...
8/17/2016 5:51:30 PM, Info: Saving project information...
8/17/2016 5:56:30 PM, Info: Saving project information...
8/17/2016 5:56:30 PM, Info: Saving project information...
8/17/2016 6:01:30 PM, Info: Saving project information...
8/17/2016 6:01:30 PM, Info: Saving project information...
8/17/2016 6:06:30 PM, Info: Saving project information...
8/17/2016 6:06:30 PM, Info: Saving project information...
8/17/2016 6:11:30 PM, Info: Saving project information...
8/17/2016 6:11:30 PM, Info: Saving project information...
8/17/2016 6:16:30 PM, Info: Saving project information...
8/17/2016 6:16:30 PM, Info: Saving project information...
8/17/2016 6:21:30 PM, Info: Saving project information...
8/17/2016 6:21:30 PM, Info: Saving project information...
8/17/2016 6:26:30 PM, Info: Saving project information...
8/17/2016 6:26:30 PM, Info: Saving project information...
8/17/2016 6:31:30 PM, Info: Saving project information...
8/17/2016 6:31:30 PM, Info: Saving project information...
8/17/2016 6:36:30 PM, Info: Saving project information...
8/17/2016 6:36:30 PM, Info: Saving project information...
8/17/2016 6:41:30 PM, Info: Saving project information...
8/17/2016 6:41:30 PM, Info: Saving project information...
8/17/2016 6:46:30 PM, Info: Saving project information...
8/17/2016 6:46:30 PM, Info: Saving project information...
8/17/2016 6:51:30 PM, Info: Saving project information...
8/17/2016 6:51:30 PM, Info: Saving project information...
8/17/2016 6:56:30 PM, Info: Saving project information...
8/17/2016 6:56:30 PM, Info: Saving project information...
8/17/2016 7:01:30 PM, Info: Saving project information...
8/17/2016 7:01:30 PM, Info: Saving project information...
8/17/2016 7:06:30 PM, Info: Saving project information...
8/17/2016 7:06:30 PM, Info: Saving project information...
8/17/2016 7:11:30 PM, Info: Saving project information...
8/17/2016 7:11:30 PM, Info: Saving project information...
8/17/2016 7:16:30 PM, Info: Saving project information...
8/17/2016 7:16:30 PM, Info: Saving project information...
8/17/2016 7:21:30 PM, Info: Saving project information...
8/17/2016 7:21:30 PM, Info: Saving project information...
8/17/2016 7:26:30 PM, Info: Saving project information...
8/17/2016 7:26:30 PM, Info: Saving project information...
8/17/2016 7:31:30 PM, Info: Saving project information...
8/17/2016 7:31:30 PM, Info: Saving project information...
8/17/2016 7:36:30 PM, Info: Saving project information...
8/17/2016 7:36:30 PM, Info: Saving project information...
8/17/2016 7:41:30 PM, Info: Saving project information...
8/17/2016 7:41:30 PM, Info: Saving project information...
8/17/2016 7:46:30 PM, Info: Saving project information...
8/17/2016 7:46:30 PM, Info: Saving project information...
8/17/2016 7:51:30 PM, Info: Saving project information...
8/17/2016 7:51:30 PM, Info: Saving project information...
8/17/2016 7:56:30 PM, Info: Saving project information...
8/17/2016 7:56:30 PM, Info: Saving project information...
8/17/2016 8:01:30 PM, Info: Saving project information...
8/17/2016 8:01:30 PM, Info: Saving project information...
8/17/2016 8:06:31 PM, Info: Saving project information...
8/17/2016 8:06:31 PM, Info: Saving project information...
8/17/2016 8:11:31 PM, Info: Saving project information...
8/17/2016 8:11:31 PM, Info: Saving project information...
8/17/2016 8:16:31 PM, Info: Saving project information...
8/17/2016 8:16:31 PM, Info: Saving project information...
8/17/2016 8:21:31 PM, Info: Saving project information...
8/17/2016 8:21:31 PM, Info: Saving project information...
8/17/2016 8:26:31 PM, Info: Saving project information...
8/17/2016 8:26:31 PM, Info: Saving project information...
8/17/2016 8:31:31 PM, Info: Saving project information...
8/17/2016 8:31:31 PM, Info: Saving project information...
8/17/2016 8:36:31 PM, Info: Saving project information...
8/17/2016 8:36:31 PM, Info: Saving project information...
8/17/2016 8:41:31 PM, Info: Saving project information...
8/17/2016 8:41:31 PM, Info: Saving project information...
8/17/2016 8:46:31 PM, Info: Saving project information...
8/17/2016 8:46:31 PM, Info: Saving project information...
8/17/2016 8:51:31 PM, Info: Saving project information...
8/17/2016 8:51:31 PM, Info: Saving project information...
8/17/2016 8:56:31 PM, Info: Saving project information...
8/17/2016 8:56:31 PM, Info: Saving project information...
8/17/2016 9:01:31 PM, Info: Saving project information...
8/17/2016 9:01:31 PM, Info: Saving project information...
8/17/2016 9:06:31 PM, Info: Saving project information...
8/17/2016 9:06:31 PM, Info: Saving project information...
8/17/2016 9:11:31 PM, Info: Saving project information...
8/17/2016 9:11:31 PM, Info: Saving project information...
8/17/2016 9:16:31 PM, Info: Saving project information...
8/17/2016 9:16:31 PM, Info: Saving project information...
8/17/2016 9:21:31 PM, Info: Saving project information...
8/17/2016 9:21:31 PM, Info: Saving project information...
8/17/2016 9:26:31 PM, Info: Saving project information...
8/17/2016 9:26:31 PM, Info: Saving project information...
8/17/2016 9:31:31 PM, Info: Saving project information...
8/17/2016 9:31:31 PM, Info: Saving project information...
8/17/2016 9:36:31 PM, Info: Saving project information...
8/17/2016 9:36:31 PM, Info: Saving project information...
8/17/2016 9:41:31 PM, Info: Saving project information...
8/17/2016 9:41:31 PM, Info: Saving project information...
8/17/2016 9:46:31 PM, Info: Saving project information...
8/17/2016 9:46:31 PM, Info: Saving project information...
8/17/2016 9:51:31 PM, Info: Saving project information...
8/17/2016 9:51:31 PM, Info: Saving project information...
8/17/2016 9:56:31 PM, Info: Saving project information...
8/17/2016 9:56:31 PM, Info: Saving project information...
8/17/2016 10:01:31 PM, Info: Saving project information...
8/17/2016 10:01:31 PM, Info: Saving project information...
8/17/2016 10:06:31 PM, Info: Saving project information...
8/17/2016 10:06:31 PM, Info: Saving project information...
8/17/2016 10:11:31 PM, Info: Saving project information...
8/17/2016 10:11:31 PM, Info: Saving project information...
8/17/2016 10:16:31 PM, Info: Saving project information...
8/17/2016 10:16:31 PM, Info: Saving project information...
8/17/2016 10:21:31 PM, Info: Saving project information...
8/17/2016 10:21:31 PM, Info: Saving project information...
8/17/2016 10:26:31 PM, Info: Saving project information...
8/17/2016 10:26:31 PM, Info: Saving project information...
8/17/2016 10:31:31 PM, Info: Saving project information...
8/17/2016 10:31:31 PM, Info: Saving project information...
8/17/2016 10:36:31 PM, Info: Saving project information...
8/17/2016 10:36:31 PM, Info: Saving project information...
8/17/2016 10:41:31 PM, Info: Saving project information...
8/17/2016 10:41:31 PM, Info: Saving project information...
8/17/2016 10:46:31 PM, Info: Saving project information...
8/17/2016 10:46:31 PM, Info: Saving project information...
8/17/2016 10:51:31 PM, Info: Saving project information...
8/17/2016 10:51:31 PM, Info: Saving project information...
8/17/2016 10:56:31 PM, Info: Saving project information...
8/17/2016 10:56:31 PM, Info: Saving project information...
8/17/2016 11:01:31 PM, Info: Saving project information...
8/17/2016 11:01:31 PM, Info: Saving project information...
8/17/2016 11:06:31 PM, Info: Saving project information...
8/17/2016 11:06:31 PM, Info: Saving project information...
8/17/2016 11:11:31 PM, Info: Saving project information...
8/17/2016 11:11:31 PM, Info: Saving project information...
8/17/2016 11:16:31 PM, Info: Saving project information...
8/17/2016 11:16:31 PM, Info: Saving project information...
8/17/2016 11:21:31 PM, Info: Saving project information...
8/17/2016 11:21:31 PM, Info: Saving project information...
8/17/2016 11:26:31 PM, Info: Saving project information...
8/17/2016 11:26:31 PM, Info: Saving project information...
8/17/2016 11:31:31 PM, Info: Saving project information...
8/17/2016 11:31:31 PM, Info: Saving project information...
8/17/2016 11:36:31 PM, Info: Saving project information...
8/17/2016 11:36:31 PM, Info: Saving project information...
8/17/2016 11:41:31 PM, Info: Saving project information...
8/17/2016 11:41:31 PM, Info: Saving project information...
8/17/2016 11:46:31 PM, Info: Saving project information...
8/17/2016 11:46:31 PM, Info: Saving project information...
8/17/2016 11:51:31 PM, Info: Saving project information...
8/17/2016 11:51:31 PM, Info: Saving project information...
8/17/2016 11:56:31 PM, Info: Saving project information...
8/17/2016 11:56:31 PM, Info: Saving project information...
8/18/2016 12:01:31 AM, Info: Saving project information...
8/18/2016 12:01:31 AM, Info: Saving project information...
8/18/2016 12:06:31 AM, Info: Saving project information...
8/18/2016 12:06:31 AM, Info: Saving project information...
8/18/2016 12:11:31 AM, Info: Saving project information...
8/18/2016 12:11:31 AM, Info: Saving project information...
8/18/2016 12:16:31 AM, Info: Saving project information...
8/18/2016 12:16:31 AM, Info: Saving project information...
8/18/2016 12:21:31 AM, Info: Saving project information...
8/18/2016 12:21:31 AM, Info: Saving project information...
8/18/2016 12:26:31 AM, Info: Saving project information...
8/18/2016 12:26:31 AM, Info: Saving project information...
8/18/2016 12:31:31 AM, Info: Saving project information...
8/18/2016 12:31:31 AM, Info: Saving project information...
8/18/2016 12:36:31 AM, Info: Saving project information...
8/18/2016 12:36:31 AM, Info: Saving project information...
8/18/2016 12:41:31 AM, Info: Saving project information...
8/18/2016 12:41:31 AM, Info: Saving project information...
8/18/2016 12:46:31 AM, Info: Saving project information...
8/18/2016 12:46:31 AM, Info: Saving project information...
8/18/2016 12:51:31 AM, Info: Saving project information...
8/18/2016 12:51:31 AM, Info: Saving project information...
8/18/2016 12:56:31 AM, Info: Saving project information...
8/18/2016 12:56:31 AM, Info: Saving project information...
8/18/2016 1:01:31 AM, Info: Saving project information...
8/18/2016 1:01:31 AM, Info: Saving project information...
8/18/2016 1:06:31 AM, Info: Saving project information...
8/18/2016 1:06:31 AM, Info: Saving project information...
8/18/2016 1:11:31 AM, Info: Saving project information...
8/18/2016 1:11:31 AM, Info: Saving project information...
8/18/2016 1:16:31 AM, Info: Saving project information...
8/18/2016 1:16:31 AM, Info: Saving project information...
8/18/2016 1:21:31 AM, Info: Saving project information...
8/18/2016 1:21:31 AM, Info: Saving project information...
8/18/2016 1:26:31 AM, Info: Saving project information...
8/18/2016 1:26:31 AM, Info: Saving project information...
8/18/2016 1:31:31 AM, Info: Saving project information...
8/18/2016 1:31:31 AM, Info: Saving project information...
8/18/2016 1:36:31 AM, Info: Saving project information...
8/18/2016 1:36:31 AM, Info: Saving project information...
8/18/2016 1:41:31 AM, Info: Saving project information...
8/18/2016 1:41:31 AM, Info: Saving project information...
8/18/2016 1:46:31 AM, Info: Saving project information...
8/18/2016 1:46:31 AM, Info: Saving project information...
8/18/2016 1:51:31 AM, Info: Saving project information...
8/18/2016 1:51:31 AM, Info: Saving project information...
8/18/2016 1:56:31 AM, Info: Saving project information...
8/18/2016 1:56:31 AM, Info: Saving project information...
8/18/2016 2:01:31 AM, Info: Saving project information...
8/18/2016 2:01:31 AM, Info: Saving project information...
8/18/2016 2:06:31 AM, Info: Saving project information...
8/18/2016 2:06:31 AM, Info: Saving project information...
8/18/2016 2:11:31 AM, Info: Saving project information...
8/18/2016 2:11:31 AM, Info: Saving project information...
8/18/2016 2:16:31 AM, Info: Saving project information...
8/18/2016 2:16:31 AM, Info: Saving project information...
8/18/2016 2:21:31 AM, Info: Saving project information...
8/18/2016 2:21:31 AM, Info: Saving project information...
8/18/2016 2:26:31 AM, Info: Saving project information...
8/18/2016 2:26:31 AM, Info: Saving project information...
8/18/2016 2:31:31 AM, Info: Saving project information...
8/18/2016 2:31:31 AM, Info: Saving project information...
8/18/2016 2:36:31 AM, Info: Saving project information...
8/18/2016 2:36:31 AM, Info: Saving project information...
8/18/2016 2:41:31 AM, Info: Saving project information...
8/18/2016 2:41:31 AM, Info: Saving project information...
8/18/2016 2:46:31 AM, Info: Saving project information...
8/18/2016 2:46:31 AM, Info: Saving project information...
8/18/2016 2:51:31 AM, Info: Saving project information...
8/18/2016 2:51:31 AM, Info: Saving project information...
8/18/2016 2:56:31 AM, Info: Saving project information...
8/18/2016 2:56:31 AM, Info: Saving project information...
8/18/2016 3:01:31 AM, Info: Saving project information...
8/18/2016 3:01:31 AM, Info: Saving project information...
8/18/2016 3:06:31 AM, Info: Saving project information...
8/18/2016 3:06:31 AM, Info: Saving project information...
8/18/2016 3:11:31 AM, Info: Saving project information...
8/18/2016 3:11:31 AM, Info: Saving project information...
8/18/2016 3:16:31 AM, Info: Saving project information...
8/18/2016 3:16:31 AM, Info: Saving project information...
8/18/2016 3:21:31 AM, Info: Saving project information...
8/18/2016 3:21:31 AM, Info: Saving project information...
8/18/2016 3:26:31 AM, Info: Saving project information...
8/18/2016 3:26:31 AM, Info: Saving project information...
8/18/2016 3:31:31 AM, Info: Saving project information...
8/18/2016 3:31:31 AM, Info: Saving project information...
8/18/2016 3:36:31 AM, Info: Saving project information...
8/18/2016 3:36:31 AM, Info: Saving project information...
8/18/2016 3:41:31 AM, Info: Saving project information...
8/18/2016 3:41:31 AM, Info: Saving project information...
8/18/2016 3:46:31 AM, Info: Saving project information...
8/18/2016 3:46:31 AM, Info: Saving project information...
8/18/2016 3:51:31 AM, Info: Saving project information...
8/18/2016 3:51:31 AM, Info: Saving project information...
8/18/2016 3:56:31 AM, Info: Saving project information...
8/18/2016 3:56:31 AM, Info: Saving project information...
8/18/2016 4:01:31 AM, Info: Saving project information...
8/18/2016 4:01:31 AM, Info: Saving project information...
8/18/2016 4:06:31 AM, Info: Saving project information...
8/18/2016 4:06:31 AM, Info: Saving project information...
8/18/2016 4:11:31 AM, Info: Saving project information...
8/18/2016 4:11:31 AM, Info: Saving project information...
8/18/2016 4:16:31 AM, Info: Saving project information...
8/18/2016 4:16:31 AM, Info: Saving project information...
8/18/2016 4:21:31 AM, Info: Saving project information...
8/18/2016 4:21:31 AM, Info: Saving project information...
8/18/2016 4:26:31 AM, Info: Saving project information...
8/18/2016 4:26:31 AM, Info: Saving project information...
8/18/2016 4:31:31 AM, Info: Saving project information...
8/18/2016 4:31:31 AM, Info: Saving project information...
8/18/2016 4:36:31 AM, Info: Saving project information...
8/18/2016 4:36:31 AM, Info: Saving project information...
8/18/2016 4:41:31 AM, Info: Saving project information...
8/18/2016 4:41:31 AM, Info: Saving project information...
8/18/2016 4:46:31 AM, Info: Saving project information...
8/18/2016 4:46:31 AM, Info: Saving project information...
8/18/2016 4:51:31 AM, Info: Saving project information...
8/18/2016 4:51:31 AM, Info: Saving project information...
8/18/2016 4:56:31 AM, Info: Saving project information...
8/18/2016 4:56:31 AM, Info: Saving project information...
8/18/2016 5:01:31 AM, Info: Saving project information...
8/18/2016 5:01:31 AM, Info: Saving project information...
8/18/2016 5:06:31 AM, Info: Saving project information...
8/18/2016 5:06:31 AM, Info: Saving project information...
8/18/2016 5:11:31 AM, Info: Saving project information...
8/18/2016 5:11:31 AM, Info: Saving project information...
8/18/2016 5:16:31 AM, Info: Saving project information...
8/18/2016 5:16:31 AM, Info: Saving project information...
8/18/2016 5:21:31 AM, Info: Saving project information...
8/18/2016 5:21:31 AM, Info: Saving project information...
8/18/2016 5:26:31 AM, Info: Saving project information...
8/18/2016 5:26:31 AM, Info: Saving project information...
8/18/2016 5:31:31 AM, Info: Saving project information...
8/18/2016 5:31:31 AM, Info: Saving project information...
8/18/2016 5:36:31 AM, Info: Saving project information...
8/18/2016 5:36:31 AM, Info: Saving project information...
8/18/2016 5:41:31 AM, Info: Saving project information...
8/18/2016 5:41:31 AM, Info: Saving project information...
8/18/2016 5:46:31 AM, Info: Saving project information...
8/18/2016 5:46:31 AM, Info: Saving project information...
8/18/2016 5:51:31 AM, Info: Saving project information...
8/18/2016 5:51:31 AM, Info: Saving project information...
8/18/2016 5:56:31 AM, Info: Saving project information...
8/18/2016 5:56:31 AM, Info: Saving project information...
8/18/2016 6:01:31 AM, Info: Saving project information...
8/18/2016 6:01:31 AM, Info: Saving project information...
8/18/2016 6:06:31 AM, Info: Saving project information...
8/18/2016 6:06:31 AM, Info: Saving project information...
8/18/2016 6:11:31 AM, Info: Saving project information...
8/18/2016 6:11:31 AM, Info: Saving project information...
8/18/2016 6:16:31 AM, Info: Saving project information...
8/18/2016 6:16:31 AM, Info: Saving project information...
8/18/2016 6:21:31 AM, Info: Saving project information...
8/18/2016 6:21:31 AM, Info: Saving project information...
8/18/2016 6:26:31 AM, Info: Saving project information...
8/18/2016 6:26:31 AM, Info: Saving project information...
8/18/2016 6:31:31 AM, Info: Saving project information...
8/18/2016 6:31:31 AM, Info: Saving project information...
8/18/2016 6:36:31 AM, Info: Saving project information...
8/18/2016 6:36:31 AM, Info: Saving project information...
8/18/2016 6:41:31 AM, Info: Saving project information...
8/18/2016 6:41:31 AM, Info: Saving project information...
8/18/2016 6:46:31 AM, Info: Saving project information...
8/18/2016 6:46:31 AM, Info: Saving project information...
8/18/2016 6:51:31 AM, Info: Saving project information...
8/18/2016 6:51:31 AM, Info: Saving project information...
8/18/2016 6:56:31 AM, Info: Saving project information...
8/18/2016 6:56:31 AM, Info: Saving project information...
8/18/2016 7:01:31 AM, Info: Saving project information...
8/18/2016 7:01:31 AM, Info: Saving project information...
8/18/2016 7:06:31 AM, Info: Saving project information...
8/18/2016 7:06:31 AM, Info: Saving project information...
8/18/2016 7:11:31 AM, Info: Saving project information...
8/18/2016 7:11:31 AM, Info: Saving project information...
8/18/2016 7:16:31 AM, Info: Saving project information...
8/18/2016 7:16:31 AM, Info: Saving project information...
8/18/2016 7:21:31 AM, Info: Saving project information...
8/18/2016 7:21:31 AM, Info: Saving project information...
8/18/2016 7:26:31 AM, Info: Saving project information...
8/18/2016 7:26:31 AM, Info: Saving project information...
8/18/2016 7:31:31 AM, Info: Saving project information...
8/18/2016 7:31:31 AM, Info: Saving project information...
8/18/2016 7:36:31 AM, Info: Saving project information...
8/18/2016 7:36:31 AM, Info: Saving project information...
8/18/2016 7:41:31 AM, Info: Saving project information...
8/18/2016 7:41:31 AM, Info: Saving project information...
8/18/2016 7:46:31 AM, Info: Saving project information...
8/18/2016 7:46:31 AM, Info: Saving project information...
8/18/2016 7:51:31 AM, Info: Saving project information...
8/18/2016 7:51:31 AM, Info: Saving project information...
8/18/2016 7:56:31 AM, Info: Saving project information...
8/18/2016 7:56:31 AM, Info: Saving project information...
8/18/2016 8:01:31 AM, Info: Saving project information...
8/18/2016 8:01:31 AM, Info: Saving project information...
8/18/2016 8:06:31 AM, Info: Saving project information...
8/18/2016 8:06:31 AM, Info: Saving project information...
8/18/2016 8:11:31 AM, Info: Saving project information...
8/18/2016 8:11:31 AM, Info: Saving project information...
8/18/2016 8:16:31 AM, Info: Saving project information...
8/18/2016 8:16:31 AM, Info: Saving project information...
8/18/2016 8:21:31 AM, Info: Saving project information...
8/18/2016 8:21:31 AM, Info: Saving project information...
8/18/2016 8:26:31 AM, Info: Saving project information...
8/18/2016 8:26:31 AM, Info: Saving project information...
8/18/2016 8:31:31 AM, Info: Saving project information...
8/18/2016 8:31:31 AM, Info: Saving project information...
8/18/2016 8:36:31 AM, Info: Saving project information...
8/18/2016 8:36:31 AM, Info: Saving project information...
8/18/2016 8:41:31 AM, Info: Saving project information...
8/18/2016 8:41:31 AM, Info: Saving project information...
8/18/2016 8:46:31 AM, Info: Saving project information...
8/18/2016 8:46:31 AM, Info: Saving project information...
8/18/2016 8:51:31 AM, Info: Saving project information...
8/18/2016 8:51:31 AM, Info: Saving project information...
8/18/2016 8:56:31 AM, Info: Saving project information...
8/18/2016 8:56:31 AM, Info: Saving project information...
8/18/2016 9:01:31 AM, Info: Saving project information...
8/18/2016 9:01:31 AM, Info: Saving project information...
8/18/2016 9:06:31 AM, Info: Saving project information...
8/18/2016 9:06:31 AM, Info: Saving project information...
8/18/2016 9:11:31 AM, Info: Saving project information...
8/18/2016 9:11:31 AM, Info: Saving project information...
8/18/2016 9:16:31 AM, Info: Saving project information...
8/18/2016 9:16:31 AM, Info: Saving project information...
8/18/2016 9:21:31 AM, Info: Saving project information...
8/18/2016 9:21:31 AM, Info: Saving project information...
8/18/2016 9:26:31 AM, Info: Saving project information...
8/18/2016 9:26:31 AM, Info: Saving project information...
8/18/2016 9:31:31 AM, Info: Saving project information...
8/18/2016 9:31:31 AM, Info: Saving project information...
8/18/2016 9:36:31 AM, Info: Saving project information...
8/18/2016 9:36:31 AM, Info: Saving project information...
8/18/2016 9:41:31 AM, Info: Saving project information...
8/18/2016 9:41:31 AM, Info: Saving project information...
8/18/2016 9:46:31 AM, Info: Saving project information...
8/18/2016 9:46:31 AM, Info: Saving project information...
8/18/2016 9:51:31 AM, Info: Saving project information...
8/18/2016 9:51:31 AM, Info: Saving project information...
8/18/2016 9:56:31 AM, Info: Saving project information...
8/18/2016 9:56:31 AM, Info: Saving project information...
8/18/2016 10:01:31 AM, Info: Saving project information...
8/18/2016 10:01:31 AM, Info: Saving project information...
8/18/2016 10:06:31 AM, Info: Saving project information...
8/18/2016 10:06:31 AM, Info: Saving project information...
8/18/2016 10:11:31 AM, Info: Saving project information...
8/18/2016 10:11:31 AM, Info: Saving project information...
8/18/2016 10:16:31 AM, Info: Saving project information...
8/18/2016 10:16:31 AM, Info: Saving project information...
8/18/2016 10:21:31 AM, Info: Saving project information...
8/18/2016 10:21:31 AM, Info: Saving project information...
8/18/2016 10:26:31 AM, Info: Saving project information...
8/18/2016 10:26:31 AM, Info: Saving project information...
8/18/2016 10:31:31 AM, Info: Saving project information...
8/18/2016 10:31:31 AM, Info: Saving project information...
8/18/2016 10:36:31 AM, Info: Saving project information...
8/18/2016 10:36:31 AM, Info: Saving project information...
8/18/2016 10:41:31 AM, Info: Saving project information...
8/18/2016 10:41:31 AM, Info: Saving project information...
8/18/2016 10:46:31 AM, Info: Saving project information...
8/18/2016 10:46:31 AM, Info: Saving project information...
8/18/2016 10:51:31 AM, Info: Saving project information...
8/18/2016 10:51:31 AM, Info: Saving project information...
8/18/2016 10:56:31 AM, Info: Saving project information...
8/18/2016 10:56:31 AM, Info: Saving project information...
8/18/2016 11:01:31 AM, Info: Saving project information...
8/18/2016 11:01:31 AM, Info: Saving project information...
8/18/2016 11:06:31 AM, Info: Saving project information...
8/18/2016 11:06:31 AM, Info: Saving project information...
8/18/2016 11:11:32 AM, Info: Saving project information...
8/18/2016 11:11:32 AM, Info: Saving project information...
8/18/2016 11:16:32 AM, Info: Saving project information...
8/18/2016 11:16:32 AM, Info: Saving project information...
8/18/2016 11:21:32 AM, Info: Saving project information...
8/18/2016 11:21:32 AM, Info: Saving project information...
8/18/2016 11:26:32 AM, Info: Saving project information...
8/18/2016 11:26:32 AM, Info: Saving project information...
8/18/2016 11:31:32 AM, Info: Saving project information...
8/18/2016 11:31:32 AM, Info: Saving project information...
8/18/2016 11:36:32 AM, Info: Saving project information...
8/18/2016 11:36:32 AM, Info: Saving project information...
8/18/2016 11:41:32 AM, Info: Saving project information...
8/18/2016 11:41:32 AM, Info: Saving project information...
8/18/2016 11:46:32 AM, Info: Saving project information...
8/18/2016 11:46:32 AM, Info: Saving project information...
8/18/2016 11:51:32 AM, Info: Saving project information...
8/18/2016 11:51:32 AM, Info: Saving project information...
8/18/2016 11:56:32 AM, Info: Saving project information...
8/18/2016 11:56:32 AM, Info: Saving project information...
8/18/2016 12:01:32 PM, Info: Saving project information...
8/18/2016 12:01:32 PM, Info: Saving project information...
8/18/2016 12:06:32 PM, Info: Saving project information...
8/18/2016 12:06:32 PM, Info: Saving project information...
8/18/2016 12:11:32 PM, Info: Saving project information...
8/18/2016 12:11:32 PM, Info: Saving project information...
8/18/2016 12:16:32 PM, Info: Saving project information...
8/18/2016 12:16:32 PM, Info: Saving project information...
8/18/2016 12:21:32 PM, Info: Saving project information...
8/18/2016 12:21:32 PM, Info: Saving project information...
8/18/2016 12:26:32 PM, Info: Saving project information...
8/18/2016 12:26:32 PM, Info: Saving project information...
8/18/2016 12:31:32 PM, Info: Saving project information...
8/18/2016 12:31:32 PM, Info: Saving project information...
8/18/2016 12:36:32 PM, Info: Saving project information...
8/18/2016 12:36:32 PM, Info: Saving project information...
8/18/2016 12:41:32 PM, Info: Saving project information...
8/18/2016 12:41:32 PM, Info: Saving project information...
8/18/2016 12:46:32 PM, Info: Saving project information...
8/18/2016 12:46:32 PM, Info: Saving project information...
8/18/2016 12:51:32 PM, Info: Saving project information...
8/18/2016 12:51:32 PM, Info: Saving project information...
8/18/2016 12:56:32 PM, Info: Saving project information...
8/18/2016 12:56:32 PM, Info: Saving project information...
8/18/2016 1:01:32 PM, Info: Saving project information...
8/18/2016 1:01:32 PM, Info: Saving project information...
8/18/2016 1:06:32 PM, Info: Saving project information...
8/18/2016 1:06:32 PM, Info: Saving project information...
8/18/2016 1:06:36 PM, Info: Saving project information...
8/18/2016 1:06:36 PM, Info: Saving project information...
8/18/2016 1:06:36 PM, Info: Saving project information...
8/18/2016 1:06:36 PM, Info: Saving project information...
8/18/2016 1:24:56 PM, Info: Validating assembly C:\Users\RichardL\Documents\Visual Studio 2008\Projects\ProgramBytesPushbullet\ProgramBytesPushbullet\bin\ProgramBytesPushbullet.dll...
8/18/2016 1:24:56 PM, Info: Verifying assembly C:\Users\RichardL\Documents\Visual Studio 2008\Projects\ProgramBytesPushbullet\ProgramBytesPushbullet\bin\ProgramBytesPushbullet.dll
8/18/2016 1:24:56 PM, Info: Creating Archive C:\Users\RichardL\Documents\Visual Studio 2008\Projects\ProgramBytesPushbullet\ProgramBytesPushbullet\bin\ProgramBytesPushbullet.clz...
8/18/2016 1:24:57 PM, Info: Saving project information...
8/18/2016 1:30:35 PM, Info: Validating assembly C:\Users\RichardL\Documents\Visual Studio 2008\Projects\ProgramBytesPushbullet\ProgramBytesPushbullet\bin\ProgramBytesPushbullet.dll...
8/18/2016 1:30:35 PM, Info: Verifying assembly C:\Users\RichardL\Documents\Visual Studio 2008\Projects\ProgramBytesPushbullet\ProgramBytesPushbullet\bin\ProgramBytesPushbullet.dll
8/18/2016 1:30:35 PM, Info: Creating Archive C:\Users\RichardL\Documents\Visual Studio 2008\Projects\ProgramBytesPushbullet\ProgramBytesPushbullet\bin\ProgramBytesPushbullet.clz...
8/18/2016 1:30:36 PM, Info: Saving project information...
8/18/2016 1:31:18 PM, Info: Validating assembly C:\Users\RichardL\Documents\Visual Studio 2008\Projects\ProgramBytesPushbullet\ProgramBytesPushbullet\bin\ProgramBytesPushbullet.dll...
8/18/2016 1:31:18 PM, Info: Verifying assembly C:\Users\RichardL\Documents\Visual Studio 2008\Projects\ProgramBytesPushbullet\ProgramBytesPushbullet\bin\ProgramBytesPushbullet.dll
8/18/2016 1:31:18 PM, Info: Creating Archive C:\Users\RichardL\Documents\Visual Studio 2008\Projects\ProgramBytesPushbullet\ProgramBytesPushbullet\bin\ProgramBytesPushbullet.clz...
8/18/2016 1:31:18 PM, Info: Saving project information...
8/18/2016 2:08:50 PM, Info: Validating assembly C:\Users\RichardL\Documents\Visual Studio 2008\Projects\ProgramBytesPushbullet\ProgramBytesPushbullet\bin\ProgramBytesPushbullet.dll...
8/18/2016 2:08:50 PM, Info: Verifying assembly C:\Users\RichardL\Documents\Visual Studio 2008\Projects\ProgramBytesPushbullet\ProgramBytesPushbullet\bin\ProgramBytesPushbullet.dll
8/18/2016 2:08:50 PM, Info: Creating Archive C:\Users\RichardL\Documents\Visual Studio 2008\Projects\ProgramBytesPushbullet\ProgramBytesPushbullet\bin\ProgramBytesPushbullet.clz...
8/18/2016 2:08:51 PM, Info: Saving project information...
8/18/2016 2:08:59 PM, Info: Validating assembly C:\Users\RichardL\Documents\Visual Studio 2008\Projects\ProgramBytesPushbullet\ProgramBytesPushbullet\bin\ProgramBytesPushbullet.dll...
8/18/2016 2:08:59 PM, Info: Verifying assembly C:\Users\RichardL\Documents\Visual Studio 2008\Projects\ProgramBytesPushbullet\ProgramBytesPushbullet\bin\ProgramBytesPushbullet.dll
8/18/2016 2:08:59 PM, Info: Creating Archive C:\Users\RichardL\Documents\Visual Studio 2008\Projects\ProgramBytesPushbullet\ProgramBytesPushbullet\bin\ProgramBytesPushbullet.clz...
8/18/2016 2:08:59 PM, Info: Saving project information...
8/18/2016 2:18:47 PM, Info: Validating assembly C:\Users\RichardL\Documents\Visual Studio 2008\Projects\ProgramBytesPushbullet\ProgramBytesPushbullet\bin\ProgramBytesPushbullet.dll...
8/18/2016 2:18:47 PM, Info: Verifying assembly C:\Users\RichardL\Documents\Visual Studio 2008\Projects\ProgramBytesPushbullet\ProgramBytesPushbullet\bin\ProgramBytesPushbullet.dll
8/18/2016 2:18:47 PM, Info: Creating Archive C:\Users\RichardL\Documents\Visual Studio 2008\Projects\ProgramBytesPushbullet\ProgramBytesPushbullet\bin\ProgramBytesPushbullet.clz...
8/18/2016 2:18:47 PM, Info: Saving project information...
8/18/2016 2:19:04 PM, Info: Validating assembly C:\Users\RichardL\Documents\Visual Studio 2008\Projects\ProgramBytesPushbullet\ProgramBytesPushbullet\bin\ProgramBytesPushbullet.dll...
8/18/2016 2:19:04 PM, Info: Verifying assembly C:\Users\RichardL\Documents\Visual Studio 2008\Projects\ProgramBytesPushbullet\ProgramBytesPushbullet\bin\ProgramBytesPushbullet.dll
8/18/2016 2:19:04 PM, Info: Creating Archive C:\Users\RichardL\Documents\Visual Studio 2008\Projects\ProgramBytesPushbullet\ProgramBytesPushbullet\bin\ProgramBytesPushbullet.clz...
8/18/2016 2:19:05 PM, Info: Saving project information...
8/22/2016 4:24:59 PM, Info: Terminating SIMPLSharp Services
