8/22/2016 4:25:04 PM, Info: Initializing SIMPLSharp Services...
8/22/2016 4:25:04 PM, Info: ProjectInfo successfully initialized.
8/22/2016 4:27:15 PM, Info: Saving project information...
8/22/2016 4:27:15 PM, Info: Saving project information...
8/22/2016 4:32:15 PM, Info: Saving project information...
8/22/2016 4:32:15 PM, Info: Saving project information...
8/22/2016 4:37:15 PM, Info: Saving project information...
8/22/2016 4:37:15 PM, Info: Saving project information...
8/22/2016 4:40:41 PM, Info: Saving project information...
8/22/2016 4:40:41 PM, Info: Saving project information...
8/22/2016 4:40:41 PM, Info: Saving project information...
8/22/2016 4:40:41 PM, Info: Saving project information...
8/22/2016 5:03:57 PM, Info: Saving project information...
8/22/2016 5:03:57 PM, Info: Saving project information...
8/22/2016 5:03:57 PM, Info: Saving project information...
8/22/2016 5:03:57 PM, Info: Saving project information...
8/22/2016 5:10:44 PM, Info: Validating assembly C:\Users\RichardL\Documents\Visual Studio 2008\Projects\ProgramBytesPushbullet\ProgramBytesPushbullet\bin\ProgramBytesPushbullet.dll...
8/22/2016 5:10:44 PM, Info: Verifying assembly C:\Users\RichardL\Documents\Visual Studio 2008\Projects\ProgramBytesPushbullet\ProgramBytesPushbullet\bin\ProgramBytesPushbullet.dll
8/22/2016 5:10:44 PM, Info: Creating Archive C:\Users\RichardL\Documents\Visual Studio 2008\Projects\ProgramBytesPushbullet\ProgramBytesPushbullet\bin\ProgramBytesPushbullet.clz...
8/22/2016 5:10:44 PM, Info: Saving project information...
8/22/2016 5:10:52 PM, Info: Validating assembly C:\Users\RichardL\Documents\Visual Studio 2008\Projects\ProgramBytesPushbullet\ProgramBytesPushbullet\bin\ProgramBytesPushbullet.dll...
8/22/2016 5:10:52 PM, Info: Verifying assembly C:\Users\RichardL\Documents\Visual Studio 2008\Projects\ProgramBytesPushbullet\ProgramBytesPushbullet\bin\ProgramBytesPushbullet.dll
8/22/2016 5:10:53 PM, Info: Creating Archive C:\Users\RichardL\Documents\Visual Studio 2008\Projects\ProgramBytesPushbullet\ProgramBytesPushbullet\bin\ProgramBytesPushbullet.clz...
8/22/2016 5:10:53 PM, Info: Saving project information...
8/22/2016 5:14:41 PM, Info: Validating assembly C:\Users\RichardL\Documents\Visual Studio 2008\Projects\ProgramBytesPushbullet\ProgramBytesPushbullet\bin\ProgramBytesPushbullet.dll...
8/22/2016 5:14:41 PM, Info: Verifying assembly C:\Users\RichardL\Documents\Visual Studio 2008\Projects\ProgramBytesPushbullet\ProgramBytesPushbullet\bin\ProgramBytesPushbullet.dll
8/22/2016 5:14:41 PM, Info: Creating Archive C:\Users\RichardL\Documents\Visual Studio 2008\Projects\ProgramBytesPushbullet\ProgramBytesPushbullet\bin\ProgramBytesPushbullet.clz...
8/22/2016 5:14:42 PM, Info: Saving project information...
8/22/2016 5:15:56 PM, Info: Validating assembly C:\Users\RichardL\Documents\Visual Studio 2008\Projects\ProgramBytesPushbullet\ProgramBytesPushbullet\bin\ProgramBytesPushbullet.dll...
8/22/2016 5:15:56 PM, Info: Verifying assembly C:\Users\RichardL\Documents\Visual Studio 2008\Projects\ProgramBytesPushbullet\ProgramBytesPushbullet\bin\ProgramBytesPushbullet.dll
8/22/2016 5:15:56 PM, Info: Creating Archive C:\Users\RichardL\Documents\Visual Studio 2008\Projects\ProgramBytesPushbullet\ProgramBytesPushbullet\bin\ProgramBytesPushbullet.clz...
8/22/2016 5:15:56 PM, Info: Saving project information...
8/22/2016 5:33:44 PM, Info: Validating assembly C:\Users\RichardL\Documents\Visual Studio 2008\Projects\ProgramBytesPushbullet\ProgramBytesPushbullet\bin\ProgramBytesPushbullet.dll...
8/22/2016 5:33:45 PM, Info: Verifying assembly C:\Users\RichardL\Documents\Visual Studio 2008\Projects\ProgramBytesPushbullet\ProgramBytesPushbullet\bin\ProgramBytesPushbullet.dll
8/22/2016 5:33:45 PM, Info: Creating Archive C:\Users\RichardL\Documents\Visual Studio 2008\Projects\ProgramBytesPushbullet\ProgramBytesPushbullet\bin\ProgramBytesPushbullet.clz...
8/22/2016 5:33:45 PM, Info: Saving project information...
8/22/2016 5:33:58 PM, Info: Validating assembly C:\Users\RichardL\Documents\Visual Studio 2008\Projects\ProgramBytesPushbullet\ProgramBytesPushbullet\bin\ProgramBytesPushbullet.dll...
8/22/2016 5:33:58 PM, Info: Verifying assembly C:\Users\RichardL\Documents\Visual Studio 2008\Projects\ProgramBytesPushbullet\ProgramBytesPushbullet\bin\ProgramBytesPushbullet.dll
8/22/2016 5:33:58 PM, Info: Creating Archive C:\Users\RichardL\Documents\Visual Studio 2008\Projects\ProgramBytesPushbullet\ProgramBytesPushbullet\bin\ProgramBytesPushbullet.clz...
8/22/2016 5:33:58 PM, Info: Saving project information...
8/22/2016 5:45:55 PM, Info: Validating assembly C:\Users\RichardL\Documents\Visual Studio 2008\Projects\ProgramBytesPushbullet\ProgramBytesPushbullet\bin\ProgramBytesPushbullet.dll...
8/22/2016 5:45:55 PM, Info: Verifying assembly C:\Users\RichardL\Documents\Visual Studio 2008\Projects\ProgramBytesPushbullet\ProgramBytesPushbullet\bin\ProgramBytesPushbullet.dll
8/22/2016 5:45:55 PM, Info: Creating Archive C:\Users\RichardL\Documents\Visual Studio 2008\Projects\ProgramBytesPushbullet\ProgramBytesPushbullet\bin\ProgramBytesPushbullet.clz...
8/22/2016 5:45:55 PM, Info: Saving project information...
8/23/2016 8:36:32 AM, Info: Validating assembly C:\Users\RichardL\Documents\Visual Studio 2008\Projects\ProgramBytesPushbullet\ProgramBytesPushbullet\bin\ProgramBytesPushbullet.dll...
8/23/2016 8:36:33 AM, Info: Verifying assembly C:\Users\RichardL\Documents\Visual Studio 2008\Projects\ProgramBytesPushbullet\ProgramBytesPushbullet\bin\ProgramBytesPushbullet.dll
8/23/2016 8:36:33 AM, Info: Creating Archive C:\Users\RichardL\Documents\Visual Studio 2008\Projects\ProgramBytesPushbullet\ProgramBytesPushbullet\bin\ProgramBytesPushbullet.clz...
8/23/2016 8:36:33 AM, Info: Saving project information...
8/23/2016 8:46:22 AM, Info: Validating assembly C:\Users\RichardL\Documents\Visual Studio 2008\Projects\ProgramBytesPushbullet\ProgramBytesPushbullet\bin\ProgramBytesPushbullet.dll...
8/23/2016 8:46:22 AM, Info: Verifying assembly C:\Users\RichardL\Documents\Visual Studio 2008\Projects\ProgramBytesPushbullet\ProgramBytesPushbullet\bin\ProgramBytesPushbullet.dll
8/23/2016 8:46:22 AM, Info: Creating Archive C:\Users\RichardL\Documents\Visual Studio 2008\Projects\ProgramBytesPushbullet\ProgramBytesPushbullet\bin\ProgramBytesPushbullet.clz...
8/23/2016 8:46:22 AM, Info: Saving project information...
8/23/2016 9:00:57 AM, Info: Validating assembly C:\Users\RichardL\Documents\Visual Studio 2008\Projects\ProgramBytesPushbullet\ProgramBytesPushbullet\bin\ProgramBytesPushbullet.dll...
8/23/2016 9:00:57 AM, Info: Verifying assembly C:\Users\RichardL\Documents\Visual Studio 2008\Projects\ProgramBytesPushbullet\ProgramBytesPushbullet\bin\ProgramBytesPushbullet.dll
8/23/2016 9:00:57 AM, Info: Creating Archive C:\Users\RichardL\Documents\Visual Studio 2008\Projects\ProgramBytesPushbullet\ProgramBytesPushbullet\bin\ProgramBytesPushbullet.clz...
8/23/2016 9:00:57 AM, Info: Saving project information...
8/23/2016 9:17:16 AM, Info: Saving project information...
8/23/2016 9:17:16 AM, Info: Saving project information...
8/23/2016 9:20:24 AM, Info: Saving project information...
8/23/2016 9:20:24 AM, Info: Saving project information...
8/23/2016 9:20:24 AM, Info: Saving project information...
8/23/2016 9:20:24 AM, Info: Saving project information...
8/23/2016 9:20:24 AM, Info: Validating assembly C:\Users\RichardL\Documents\Visual Studio 2008\Projects\ProgramBytesPushbullet\ProgramBytesPushbullet\bin\ProgramBytesPushbullet.dll...
8/23/2016 9:20:25 AM, Info: Verifying assembly C:\Users\RichardL\Documents\Visual Studio 2008\Projects\ProgramBytesPushbullet\ProgramBytesPushbullet\bin\ProgramBytesPushbullet.dll
8/23/2016 9:20:25 AM, Info: Creating Archive C:\Users\RichardL\Documents\Visual Studio 2008\Projects\ProgramBytesPushbullet\ProgramBytesPushbullet\bin\ProgramBytesPushbullet.clz...
8/23/2016 9:20:25 AM, Info: Saving project information...
8/23/2016 9:52:20 AM, Info: Validating assembly C:\Users\RichardL\Documents\Visual Studio 2008\Projects\ProgramBytesPushbullet\ProgramBytesPushbullet\bin\ProgramBytesPushbullet.dll...
8/23/2016 9:52:20 AM, Info: Verifying assembly C:\Users\RichardL\Documents\Visual Studio 2008\Projects\ProgramBytesPushbullet\ProgramBytesPushbullet\bin\ProgramBytesPushbullet.dll
8/23/2016 9:52:20 AM, Info: Creating Archive C:\Users\RichardL\Documents\Visual Studio 2008\Projects\ProgramBytesPushbullet\ProgramBytesPushbullet\bin\ProgramBytesPushbullet.clz...
8/23/2016 9:52:20 AM, Info: Saving project information...
8/23/2016 9:55:12 AM, Info: Validating assembly C:\Users\RichardL\Documents\Visual Studio 2008\Projects\ProgramBytesPushbullet\ProgramBytesPushbullet\bin\ProgramBytesPushbullet.dll...
8/23/2016 9:55:12 AM, Info: Verifying assembly C:\Users\RichardL\Documents\Visual Studio 2008\Projects\ProgramBytesPushbullet\ProgramBytesPushbullet\bin\ProgramBytesPushbullet.dll
8/23/2016 9:55:12 AM, Info: Creating Archive C:\Users\RichardL\Documents\Visual Studio 2008\Projects\ProgramBytesPushbullet\ProgramBytesPushbullet\bin\ProgramBytesPushbullet.clz...
8/23/2016 9:55:12 AM, Info: Saving project information...
8/23/2016 10:34:50 AM, Info: Validating assembly C:\Users\RichardL\Documents\Visual Studio 2008\Projects\ProgramBytesPushbullet\ProgramBytesPushbullet\bin\ProgramBytesPushbullet.dll...
8/23/2016 10:34:50 AM, Info: Verifying assembly C:\Users\RichardL\Documents\Visual Studio 2008\Projects\ProgramBytesPushbullet\ProgramBytesPushbullet\bin\ProgramBytesPushbullet.dll
8/23/2016 10:34:51 AM, Info: Creating Archive C:\Users\RichardL\Documents\Visual Studio 2008\Projects\ProgramBytesPushbullet\ProgramBytesPushbullet\bin\ProgramBytesPushbullet.clz...
8/23/2016 10:34:51 AM, Info: Saving project information...
8/23/2016 4:52:59 PM, Info: Terminating SIMPLSharp Services
